00000000000i[     ] Bochs x86 Emulator 2.4.6.svn
00000000000i[     ]   Built from SVN snapshot, after release 2.4.6
00000000000i[     ] Compiled on Oct 29 2011 at 14:03:44
00000000000i[     ] System configuration
00000000000i[     ]   processors: 1 (cores=1, HT threads=1)
00000000000i[     ]   A20 line support: yes
00000000000i[     ] IPS is set to 4000000
00000000000i[     ] CPU configuration
00000000000i[     ]   level: 6
00000000000i[     ]   SMP support: no
00000000000i[     ]   APIC support: xapic
00000000000i[     ]   FPU support: yes
00000000000i[     ]   MMX support: yes
00000000000i[     ]   3dnow! support: no
00000000000i[     ]   SEP support: yes
00000000000i[     ]   SSE support: sse2
00000000000i[     ]   XSAVE support: no 
00000000000i[     ]   AES support: no
00000000000i[     ]   MOVBE support: no
00000000000i[     ]   x86-64 support: no
00000000000i[     ]   MWAIT support: yes
00000000000i[     ]   VMX support: no
00000000000i[     ] Optimization configuration
00000000000i[     ]   RepeatSpeedups support: no
00000000000i[     ]   Fast function calls: no
00000000000i[     ]   Handlers Chaining speedups: no
00000000000i[     ] Devices configuration
00000000000i[     ]   NE2000 support: no
00000000000i[     ]   PCI support: yes, enabled=yes
00000000000i[     ]   SB16 support: no
00000000000i[     ]   USB support: no
00000000000i[     ]   VGA extension support: vbe 
00000000000i[MEM0 ] allocated memory at 0xaf005008. after alignment, vector=0xaf006000
00000000000i[MEM0 ] 128.00MB
00000000000i[MEM0 ] mem block size = 0x00100000, blocks=128
00000000000i[MEM0 ] rom at 0xfffe0000/131072 ('/usr/local/share/bochs/BIOS-bochs-latest')
00000000000i[VTIME] using 'realtime pit' synchronization method
00000000000i[CMOS ] Using local time for initial clock
00000000000i[CMOS ] Setting initial clock to: Thu Nov 17 18:06:49 2011 (time0=1321546009)
00000000000i[DMA  ] channel 4 used by cascade
00000000000i[DMA  ] channel 2 used by Floppy Drive
00000000000i[PCI  ] 440FX Host bridge present at device 0, function 0
00000000000i[PCI  ] PIIX3 PCI-to-ISA bridge present at device 1, function 0
00000000000i[MEM0 ] Register memory access handlers: 0x00000000000a0000 - 0x00000000000bffff
00000000000i[XGUI ] test_alloc_colors: 16 colors available out of 16 colors tried
00000000000i[XGUI ] font 8 wide x 16 high, display depth = 24
00000000000i[VGA  ] interval=166666
00000000000i[MEM0 ] rom at 0xc0000/40960 ('/usr/local/share/bochs/VGABIOS-lgpl-latest')
00000000000i[     ] init_dev of 'unmapped' plugin device by virtual method
00000000000i[     ] init_dev of 'biosdev' plugin device by virtual method
00000000000i[     ] init_dev of 'speaker' plugin device by virtual method
00000000000i[SPEAK] Failed to open /dev/console: Resource temporarily unavailable
00000000000i[SPEAK] Deactivating beep on console
00000000000i[     ] init_dev of 'extfpuirq' plugin device by virtual method
00000000000i[     ] init_dev of 'iodebug' plugin device by virtual method
00000000000i[     ] init_dev of 'pci_ide' plugin device by virtual method
00000000000i[PCI  ] PIIX3 PCI IDE controller present at device 1, function 1
00000000000i[     ] init_dev of 'acpi' plugin device by virtual method
00000000000i[PCI  ] ACPI Controller present at device 1, function 3
00000000000i[     ] init_dev of 'ioapic' plugin device by virtual method
00000000000i[IOAP ] initializing I/O APIC
00000000000i[MEM0 ] Register memory access handlers: 0x00000000fec00000 - 0x00000000fec00fff
00000000000i[     ] init_dev of 'keyboard' plugin device by virtual method
00000000000i[KBD  ] will paste characters every 1000 keyboard ticks
00000000000i[     ] init_dev of 'harddrv' plugin device by virtual method
00000000000i[HD   ] HD on ata0-0: 'kern/kernel/CATernel.img', 'flat' mode
00000000000i[HD   ] translation on ata0-0 set to 'none'
00000000000i[HD   ] Using boot sequence disk, none, none
00000000000i[HD   ] Floppy boot signature check is enabled
00000000000i[     ] init_dev of 'serial' plugin device by virtual method
00000000000i[SER  ] com1 at 0x03f8 irq 4
00000000000i[     ] init_dev of 'parallel' plugin device by virtual method
00000000000i[PAR  ] parallel port 1 at 0x0378 irq 7
00000000000i[     ] register state of 'unmapped' plugin device by virtual method
00000000000i[     ] register state of 'biosdev' plugin device by virtual method
00000000000i[     ] register state of 'speaker' plugin device by virtual method
00000000000i[     ] register state of 'extfpuirq' plugin device by virtual method
00000000000i[     ] register state of 'iodebug' plugin device by virtual method
00000000000i[     ] register state of 'pci_ide' plugin device by virtual method
00000000000i[     ] register state of 'acpi' plugin device by virtual method
00000000000i[     ] register state of 'ioapic' plugin device by virtual method
00000000000i[     ] register state of 'keyboard' plugin device by virtual method
00000000000i[     ] register state of 'harddrv' plugin device by virtual method
00000000000i[     ] register state of 'serial' plugin device by virtual method
00000000000i[     ] register state of 'parallel' plugin device by virtual method
00000000000i[SYS  ] bx_pc_system_c::Reset(HARDWARE) called
00000000000i[CPU0 ] cpu hardware reset
00000000000i[APIC0] allocate APIC id=0 (MMIO enabled) to 0x00000000fee00000
00000000000i[CPU0 ] CPUID[0x00000000]: 00000005 756e6547 6c65746e 49656e69
00000000000i[CPU0 ] CPUID[0x00000001]: 00000633 00010800 00000008 0fcbfbff
00000000000i[CPU0 ] CPUID[0x00000002]: 00410601 00000000 00000000 00000000
00000000000i[CPU0 ] CPUID[0x00000003]: 00000000 00000000 00000000 00000000
00000000000i[CPU0 ] CPUID[0x00000004]: 00000000 00000000 00000000 00000000
00000000000i[CPU0 ] CPUID[0x00000005]: 00000040 00000040 00000003 00000020
00000000000i[CPU0 ] CPUID[0x80000000]: 80000004 00000000 00000000 00000000
00000000000i[CPU0 ] CPUID[0x80000001]: 00000000 00000000 00000000 00000000
00000000000i[CPU0 ] CPUID[0x80000002]: 20202020 20202020 20202020 6e492020
00000000000i[CPU0 ] CPUID[0x80000003]: 286c6574 50202952 69746e65 52286d75
00000000000i[CPU0 ] CPUID[0x80000004]: 20342029 20555043 20202020 00202020
00000000000i[     ] reset of 'unmapped' plugin device by virtual method
00000000000i[     ] reset of 'biosdev' plugin device by virtual method
00000000000i[     ] reset of 'speaker' plugin device by virtual method
00000000000i[     ] reset of 'extfpuirq' plugin device by virtual method
00000000000i[     ] reset of 'iodebug' plugin device by virtual method
00000000000i[     ] reset of 'pci_ide' plugin device by virtual method
00000000000i[     ] reset of 'acpi' plugin device by virtual method
00000000000i[     ] reset of 'ioapic' plugin device by virtual method
00000000000i[     ] reset of 'keyboard' plugin device by virtual method
00000000000i[     ] reset of 'harddrv' plugin device by virtual method
00000000000i[     ] reset of 'serial' plugin device by virtual method
00000000000i[     ] reset of 'parallel' plugin device by virtual method
00000000000i[XGUI ] Mouse capture off
00000000000i[     ] Using debugger log file debugger.log
00000000000i[     ] set SIGINT handler to bx_debug_ctrlc_handler
00000004855i[BIOS ] $Revision: 10577 $ $Date: 2011-08-15 08:05:52 +0200 (Mo, 15. Aug 2011) $
00000320040i[KBD  ] reset-disable command received
00000322881i[BIOS ] Starting rombios32
00000323378i[BIOS ] Shutdown flag 0
00000324059i[BIOS ] ram_size=0x08000000
00000324564i[BIOS ] ram_end=128MB
00000336552i[BIOS ] Found 1 cpu(s)
00000355605i[BIOS ] bios_table_addr: 0x000fb9d8 end=0x000fcc00
00000355708i[PCI  ] 440FX PMC write to PAM register 59 (TLB Flush)
00000683405i[PCI  ] 440FX PMC write to PAM register 59 (TLB Flush)
00001011333i[P2I  ] PCI IRQ routing: PIRQA# set to 0x0b
00001011354i[P2I  ] PCI IRQ routing: PIRQB# set to 0x09
00001011375i[P2I  ] PCI IRQ routing: PIRQC# set to 0x0b
00001011396i[P2I  ] PCI IRQ routing: PIRQD# set to 0x09
00001011406i[P2I  ] write: ELCR2 = 0x0a
00001012291i[BIOS ] PIIX3/PIIX4 init: elcr=00 0a
00001020248i[BIOS ] PCI: bus=0 devfn=0x00: vendor_id=0x8086 device_id=0x1237 class=0x0600
00001022810i[BIOS ] PCI: bus=0 devfn=0x08: vendor_id=0x8086 device_id=0x7000 class=0x0601
00001025211i[BIOS ] PCI: bus=0 devfn=0x09: vendor_id=0x8086 device_id=0x7010 class=0x0101
00001025443i[PIDE ] new BM-DMA address: 0xc000
00001026148i[BIOS ] region 4: 0x0000c000
00001028464i[BIOS ] PCI: bus=0 devfn=0x0b: vendor_id=0x8086 device_id=0x7113 class=0x0680
00001028703i[ACPI ] new irq line = 11
00001028717i[ACPI ] new irq line = 9
00001028747i[ACPI ] new PM base address: 0xb000
00001028761i[ACPI ] new SM base address: 0xb100
00001028789i[PCI  ] setting SMRAM control register to 0x4a
00001192883i[CPU0 ] Enter to System Management Mode
00001192894i[CPU0 ] RSM: Resuming from System Management Mode
00001356914i[PCI  ] setting SMRAM control register to 0x0a
00001366085i[BIOS ] MP table addr=0x000fbab0 MPC table addr=0x000fb9e0 size=0xd0
00001368144i[BIOS ] SMBIOS table addr=0x000fbac0
00001370532i[BIOS ] ACPI tables: RSDP addr=0x000fbbe0 ACPI DATA addr=0x07ff0000 size=0x988
00001373770i[BIOS ] Firmware waking vector 0x7ff00cc
00001384883i[PCI  ] 440FX PMC write to PAM register 59 (TLB Flush)
00001385727i[BIOS ] bios_table_cur_addr: 0x000fbc04
00001511807i[VBIOS] VGABios $Id: vgabios.c,v 1.72 2011/06/27 17:58:32 vruppert Exp $
00001514814i[VBIOS] VBE Bios $Id: vbe.c,v 1.63 2011/04/14 16:10:09 vruppert Exp $
00001570959i[XGUI ] charmap update. Font Height is 16
00001864420i[BIOS ] ata0-0: PCHS=100/10/10 translation=none LCHS=100/10/10
00002029711i[XGUI ] charmap update. Font Height is 16
00005744441i[BIOS ] IDE time out
02209407045i[BIOS ] Booting from 0000:7c00
02209573440i[CPU0 ] CPU is in protected mode (active)
02209573440i[CPU0 ] CS.mode = 32 bit
02209573440i[CPU0 ] SS.mode = 32 bit
02209573440i[CPU0 ] | EAX=e0050033  EBX=f010a000  ECX=00000460  EDX=f010115f
02209573440i[CPU0 ] | ESP=f0109fb0  EBP=f0109fe8  ESI=f010b000  EDI=0010b005
02209573440i[CPU0 ] | IOPL=0 id vip vif ac vm RF nt of df if tf SF zf af PF cf
02209573440i[CPU0 ] | SEG selector     base    limit G D
02209573440i[CPU0 ] | SEG sltr(index|ti|rpl)     base    limit G D
02209573440i[CPU0 ] |  CS:0008( 0001| 0|  0) 10000000 ffffffff 1 1
02209573440i[CPU0 ] |  DS:0010( 0002| 0|  0) 10000000 ffffffff 1 1
02209573440i[CPU0 ] |  SS:0010( 0002| 0|  0) 10000000 ffffffff 1 1
02209573440i[CPU0 ] |  ES:0010( 0002| 0|  0) 10000000 ffffffff 1 1
02209573440i[CPU0 ] |  FS:0010( 0002| 0|  0) 00000000 ffffffff 1 1
02209573440i[CPU0 ] |  GS:0010( 0002| 0|  0) 00000000 ffffffff 1 1
02209573440i[CPU0 ] | EIP=f01003f5 (f01003f5)
02209573440i[CPU0 ] | CR0=0xe0050033 CR2=0x00000040
02209573440i[CPU0 ] | CR3=0x0010b000 CR4=0x00000000
02209573440e[CPU0 ] exception(): 3rd (14) exception with no resolution, shutdown status is 00h, resetting
02209573440i[SYS  ] bx_pc_system_c::Reset(HARDWARE) called
02209573440i[CPU0 ] cpu hardware reset
02209573440i[APIC0] allocate APIC id=0 (MMIO enabled) to 0x00000000fee00000
02209573440i[CPU0 ] CPUID[0x00000000]: 00000005 756e6547 6c65746e 49656e69
02209573440i[CPU0 ] CPUID[0x00000001]: 00000633 00010800 00000008 0fcbfbff
02209573440i[CPU0 ] CPUID[0x00000002]: 00410601 00000000 00000000 00000000
02209573440i[CPU0 ] CPUID[0x00000003]: 00000000 00000000 00000000 00000000
02209573440i[CPU0 ] CPUID[0x00000004]: 00000000 00000000 00000000 00000000
02209573440i[CPU0 ] CPUID[0x00000005]: 00000040 00000040 00000003 00000020
02209573440i[CPU0 ] CPUID[0x80000000]: 80000004 00000000 00000000 00000000
02209573440i[CPU0 ] CPUID[0x80000001]: 00000000 00000000 00000000 00000000
02209573440i[CPU0 ] CPUID[0x80000002]: 20202020 20202020 20202020 6e492020
02209573440i[CPU0 ] CPUID[0x80000003]: 286c6574 50202952 69746e65 52286d75
02209573440i[CPU0 ] CPUID[0x80000004]: 20342029 20555043 20202020 00202020
02209573440i[     ] reset of 'unmapped' plugin device by virtual method
02209573440i[     ] reset of 'biosdev' plugin device by virtual method
02209573440i[     ] reset of 'speaker' plugin device by virtual method
02209573440i[     ] reset of 'extfpuirq' plugin device by virtual method
02209573440i[     ] reset of 'iodebug' plugin device by virtual method
02209573440i[     ] reset of 'pci_ide' plugin device by virtual method
02209573440i[     ] reset of 'acpi' plugin device by virtual method
02209573440i[     ] reset of 'ioapic' plugin device by virtual method
02209573440i[     ] reset of 'keyboard' plugin device by virtual method
02209573440i[     ] reset of 'harddrv' plugin device by virtual method
02209573440i[     ] reset of 'serial' plugin device by virtual method
02209573440i[     ] reset of 'parallel' plugin device by virtual method
02209578296i[BIOS ] $Revision: 10577 $ $Date: 2011-08-15 08:05:52 +0200 (Mo, 15. Aug 2011) $
02209893063i[KBD  ] reset-disable command received
02209895866i[BIOS ] Starting rombios32
02209896363i[BIOS ] Shutdown flag 0
02209897044i[BIOS ] ram_size=0x08000000
02209897549i[BIOS ] ram_end=128MB
02209909477i[BIOS ] Found 1 cpu(s)
02209928530i[BIOS ] bios_table_addr: 0x000fb9d8 end=0x000fcc00
02209928633i[PCI  ] 440FX PMC write to PAM register 59 (TLB Flush)
02210256330i[PCI  ] 440FX PMC write to PAM register 59 (TLB Flush)
02210584258i[P2I  ] PCI IRQ routing: PIRQA# set to 0x0b
02210584279i[P2I  ] PCI IRQ routing: PIRQB# set to 0x09
02210584300i[P2I  ] PCI IRQ routing: PIRQC# set to 0x0b
02210584321i[P2I  ] PCI IRQ routing: PIRQD# set to 0x09
02210584331i[P2I  ] write: ELCR2 = 0x0a
02210585216i[BIOS ] PIIX3/PIIX4 init: elcr=00 0a
02210593173i[BIOS ] PCI: bus=0 devfn=0x00: vendor_id=0x8086 device_id=0x1237 class=0x0600
02210595735i[BIOS ] PCI: bus=0 devfn=0x08: vendor_id=0x8086 device_id=0x7000 class=0x0601
02210598136i[BIOS ] PCI: bus=0 devfn=0x09: vendor_id=0x8086 device_id=0x7010 class=0x0101
02210599073i[BIOS ] region 4: 0x0000c000
02210601389i[BIOS ] PCI: bus=0 devfn=0x0b: vendor_id=0x8086 device_id=0x7113 class=0x0680
02210601628i[ACPI ] new irq line = 11
02210601642i[ACPI ] new irq line = 9
02210601714i[PCI  ] setting SMRAM control register to 0x4a
02210765808i[CPU0 ] Enter to System Management Mode
02210765819i[CPU0 ] RSM: Resuming from System Management Mode
02210929839i[PCI  ] setting SMRAM control register to 0x0a
02210939010i[BIOS ] MP table addr=0x000fbab0 MPC table addr=0x000fb9e0 size=0xd0
02210941069i[BIOS ] SMBIOS table addr=0x000fbac0
02210943457i[BIOS ] ACPI tables: RSDP addr=0x000fbbe0 ACPI DATA addr=0x07ff0000 size=0x988
02210946695i[BIOS ] Firmware waking vector 0x7ff00cc
02210957808i[PCI  ] 440FX PMC write to PAM register 59 (TLB Flush)
02210958652i[BIOS ] bios_table_cur_addr: 0x000fbc04
02211084732i[VBIOS] VGABios $Id: vgabios.c,v 1.72 2011/06/27 17:58:32 vruppert Exp $
02211087739i[VBIOS] VBE Bios $Id: vbe.c,v 1.63 2011/04/14 16:10:09 vruppert Exp $
02211347144i[XGUI ] charmap update. Font Height is 16
02211437322i[BIOS ] ata0-0: PCHS=100/10/10 translation=none LCHS=100/10/10
02215317665i[BIOS ] IDE time out
02693183505i[BIOS ] Booting from 0000:7c00
02693349900i[CPU0 ] CPU is in protected mode (active)
02693349900i[CPU0 ] CS.mode = 32 bit
02693349900i[CPU0 ] SS.mode = 32 bit
02693349900i[CPU0 ] | EAX=e0050033  EBX=f010a000  ECX=00000460  EDX=f010115f
02693349900i[CPU0 ] | ESP=f0109fb0  EBP=f0109fe8  ESI=f010b000  EDI=0010b005
02693349900i[CPU0 ] | IOPL=0 id vip vif ac vm RF nt of df if tf SF zf af PF cf
02693349900i[CPU0 ] | SEG selector     base    limit G D
02693349900i[CPU0 ] | SEG sltr(index|ti|rpl)     base    limit G D
02693349900i[CPU0 ] |  CS:0008( 0001| 0|  0) 10000000 ffffffff 1 1
02693349900i[CPU0 ] |  DS:0010( 0002| 0|  0) 10000000 ffffffff 1 1
02693349900i[CPU0 ] |  SS:0010( 0002| 0|  0) 10000000 ffffffff 1 1
02693349900i[CPU0 ] |  ES:0010( 0002| 0|  0) 10000000 ffffffff 1 1
02693349900i[CPU0 ] |  FS:0010( 0002| 0|  0) 00000000 ffffffff 1 1
02693349900i[CPU0 ] |  GS:0010( 0002| 0|  0) 00000000 ffffffff 1 1
02693349900i[CPU0 ] | EIP=f01003f5 (f01003f5)
02693349900i[CPU0 ] | CR0=0xe0050033 CR2=0x00000040
02693349900i[CPU0 ] | CR3=0x0010b000 CR4=0x00000000
02693349900e[CPU0 ] exception(): 3rd (14) exception with no resolution, shutdown status is 00h, resetting
02693349900i[SYS  ] bx_pc_system_c::Reset(HARDWARE) called
02693349900i[CPU0 ] cpu hardware reset
02693349900i[APIC0] allocate APIC id=0 (MMIO enabled) to 0x00000000fee00000
02693349900i[CPU0 ] CPUID[0x00000000]: 00000005 756e6547 6c65746e 49656e69
02693349900i[CPU0 ] CPUID[0x00000001]: 00000633 00010800 00000008 0fcbfbff
02693349900i[CPU0 ] CPUID[0x00000002]: 00410601 00000000 00000000 00000000
02693349900i[CPU0 ] CPUID[0x00000003]: 00000000 00000000 00000000 00000000
02693349900i[CPU0 ] CPUID[0x00000004]: 00000000 00000000 00000000 00000000
02693349900i[CPU0 ] CPUID[0x00000005]: 00000040 00000040 00000003 00000020
02693349900i[CPU0 ] CPUID[0x80000000]: 80000004 00000000 00000000 00000000
02693349900i[CPU0 ] CPUID[0x80000001]: 00000000 00000000 00000000 00000000
02693349900i[CPU0 ] CPUID[0x80000002]: 20202020 20202020 20202020 6e492020
02693349900i[CPU0 ] CPUID[0x80000003]: 286c6574 50202952 69746e65 52286d75
02693349900i[CPU0 ] CPUID[0x80000004]: 20342029 20555043 20202020 00202020
02693349900i[     ] reset of 'unmapped' plugin device by virtual method
02693349900i[     ] reset of 'biosdev' plugin device by virtual method
02693349900i[     ] reset of 'speaker' plugin device by virtual method
02693349900i[     ] reset of 'extfpuirq' plugin device by virtual method
02693349900i[     ] reset of 'iodebug' plugin device by virtual method
02693349900i[     ] reset of 'pci_ide' plugin device by virtual method
02693349900i[     ] reset of 'acpi' plugin device by virtual method
02693349900i[     ] reset of 'ioapic' plugin device by virtual method
02693349900i[     ] reset of 'keyboard' plugin device by virtual method
02693349900i[     ] reset of 'harddrv' plugin device by virtual method
02693349900i[     ] reset of 'serial' plugin device by virtual method
02693349900i[     ] reset of 'parallel' plugin device by virtual method
02693354756i[BIOS ] $Revision: 10577 $ $Date: 2011-08-15 08:05:52 +0200 (Mo, 15. Aug 2011) $
02693670055i[KBD  ] reset-disable command received
02693672896i[BIOS ] Starting rombios32
02693673393i[BIOS ] Shutdown flag 0
02693674074i[BIOS ] ram_size=0x08000000
02693674579i[BIOS ] ram_end=128MB
02693686579i[BIOS ] Found 1 cpu(s)
02693705632i[BIOS ] bios_table_addr: 0x000fb9d8 end=0x000fcc00
02693705735i[PCI  ] 440FX PMC write to PAM register 59 (TLB Flush)
02694033432i[PCI  ] 440FX PMC write to PAM register 59 (TLB Flush)
02694361360i[P2I  ] PCI IRQ routing: PIRQA# set to 0x0b
02694361381i[P2I  ] PCI IRQ routing: PIRQB# set to 0x09
02694361402i[P2I  ] PCI IRQ routing: PIRQC# set to 0x0b
02694361423i[P2I  ] PCI IRQ routing: PIRQD# set to 0x09
02694361433i[P2I  ] write: ELCR2 = 0x0a
02694362318i[BIOS ] PIIX3/PIIX4 init: elcr=00 0a
02694370275i[BIOS ] PCI: bus=0 devfn=0x00: vendor_id=0x8086 device_id=0x1237 class=0x0600
02694372837i[BIOS ] PCI: bus=0 devfn=0x08: vendor_id=0x8086 device_id=0x7000 class=0x0601
02694375238i[BIOS ] PCI: bus=0 devfn=0x09: vendor_id=0x8086 device_id=0x7010 class=0x0101
02694376175i[BIOS ] region 4: 0x0000c000
02694378491i[BIOS ] PCI: bus=0 devfn=0x0b: vendor_id=0x8086 device_id=0x7113 class=0x0680
02694378730i[ACPI ] new irq line = 11
02694378744i[ACPI ] new irq line = 9
02694378816i[PCI  ] setting SMRAM control register to 0x4a
02694542910i[CPU0 ] Enter to System Management Mode
02694542921i[CPU0 ] RSM: Resuming from System Management Mode
02694706941i[PCI  ] setting SMRAM control register to 0x0a
02694716112i[BIOS ] MP table addr=0x000fbab0 MPC table addr=0x000fb9e0 size=0xd0
02694718171i[BIOS ] SMBIOS table addr=0x000fbac0
02694720559i[BIOS ] ACPI tables: RSDP addr=0x000fbbe0 ACPI DATA addr=0x07ff0000 size=0x988
02694723797i[BIOS ] Firmware waking vector 0x7ff00cc
02694734910i[PCI  ] 440FX PMC write to PAM register 59 (TLB Flush)
02694735754i[BIOS ] bios_table_cur_addr: 0x000fbc04
02694861834i[VBIOS] VGABios $Id: vgabios.c,v 1.72 2011/06/27 17:58:32 vruppert Exp $
02694864841i[VBIOS] VBE Bios $Id: vbe.c,v 1.63 2011/04/14 16:10:09 vruppert Exp $
02695090138i[XGUI ] charmap update. Font Height is 16
02695214424i[BIOS ] ata0-0: PCHS=100/10/10 translation=none LCHS=100/10/10
02699095005i[BIOS ] IDE time out
03177323216i[BIOS ] Booting from 0000:7c00
03177489611i[CPU0 ] CPU is in protected mode (active)
03177489611i[CPU0 ] CS.mode = 32 bit
03177489611i[CPU0 ] SS.mode = 32 bit
03177489611i[CPU0 ] | EAX=e0050033  EBX=f010a000  ECX=00000460  EDX=f010115f
03177489611i[CPU0 ] | ESP=f0109fb0  EBP=f0109fe8  ESI=f010b000  EDI=0010b005
03177489611i[CPU0 ] | IOPL=0 id vip vif ac vm RF nt of df if tf SF zf af PF cf
03177489611i[CPU0 ] | SEG selector     base    limit G D
03177489611i[CPU0 ] | SEG sltr(index|ti|rpl)     base    limit G D
03177489611i[CPU0 ] |  CS:0008( 0001| 0|  0) 10000000 ffffffff 1 1
03177489611i[CPU0 ] |  DS:0010( 0002| 0|  0) 10000000 ffffffff 1 1
03177489611i[CPU0 ] |  SS:0010( 0002| 0|  0) 10000000 ffffffff 1 1
03177489611i[CPU0 ] |  ES:0010( 0002| 0|  0) 10000000 ffffffff 1 1
03177489611i[CPU0 ] |  FS:0010( 0002| 0|  0) 00000000 ffffffff 1 1
03177489611i[CPU0 ] |  GS:0010( 0002| 0|  0) 00000000 ffffffff 1 1
03177489611i[CPU0 ] | EIP=f01003f5 (f01003f5)
03177489611i[CPU0 ] | CR0=0xe0050033 CR2=0x00000040
03177489611i[CPU0 ] | CR3=0x0010b000 CR4=0x00000000
03177489611e[CPU0 ] exception(): 3rd (14) exception with no resolution, shutdown status is 00h, resetting
03177489611i[SYS  ] bx_pc_system_c::Reset(HARDWARE) called
03177489611i[CPU0 ] cpu hardware reset
03177489611i[APIC0] allocate APIC id=0 (MMIO enabled) to 0x00000000fee00000
03177489611i[CPU0 ] CPUID[0x00000000]: 00000005 756e6547 6c65746e 49656e69
03177489611i[CPU0 ] CPUID[0x00000001]: 00000633 00010800 00000008 0fcbfbff
03177489611i[CPU0 ] CPUID[0x00000002]: 00410601 00000000 00000000 00000000
03177489611i[CPU0 ] CPUID[0x00000003]: 00000000 00000000 00000000 00000000
03177489611i[CPU0 ] CPUID[0x00000004]: 00000000 00000000 00000000 00000000
03177489611i[CPU0 ] CPUID[0x00000005]: 00000040 00000040 00000003 00000020
03177489611i[CPU0 ] CPUID[0x80000000]: 80000004 00000000 00000000 00000000
03177489611i[CPU0 ] CPUID[0x80000001]: 00000000 00000000 00000000 00000000
03177489611i[CPU0 ] CPUID[0x80000002]: 20202020 20202020 20202020 6e492020
03177489611i[CPU0 ] CPUID[0x80000003]: 286c6574 50202952 69746e65 52286d75
03177489611i[CPU0 ] CPUID[0x80000004]: 20342029 20555043 20202020 00202020
03177489611i[     ] reset of 'unmapped' plugin device by virtual method
03177489611i[     ] reset of 'biosdev' plugin device by virtual method
03177489611i[     ] reset of 'speaker' plugin device by virtual method
03177489611i[     ] reset of 'extfpuirq' plugin device by virtual method
03177489611i[     ] reset of 'iodebug' plugin device by virtual method
03177489611i[     ] reset of 'pci_ide' plugin device by virtual method
03177489611i[     ] reset of 'acpi' plugin device by virtual method
03177489611i[     ] reset of 'ioapic' plugin device by virtual method
03177489611i[     ] reset of 'keyboard' plugin device by virtual method
03177489611i[     ] reset of 'harddrv' plugin device by virtual method
03177489611i[     ] reset of 'serial' plugin device by virtual method
03177489611i[     ] reset of 'parallel' plugin device by virtual method
03177494467i[BIOS ] $Revision: 10577 $ $Date: 2011-08-15 08:05:52 +0200 (Mo, 15. Aug 2011) $
03177809052i[KBD  ] reset-disable command received
03177811893i[BIOS ] Starting rombios32
03177812390i[BIOS ] Shutdown flag 0
03177813071i[BIOS ] ram_size=0x08000000
03177813576i[BIOS ] ram_end=128MB
03177825564i[BIOS ] Found 1 cpu(s)
03177844617i[BIOS ] bios_table_addr: 0x000fb9d8 end=0x000fcc00
03177844720i[PCI  ] 440FX PMC write to PAM register 59 (TLB Flush)
03178172417i[PCI  ] 440FX PMC write to PAM register 59 (TLB Flush)
03178500345i[P2I  ] PCI IRQ routing: PIRQA# set to 0x0b
03178500366i[P2I  ] PCI IRQ routing: PIRQB# set to 0x09
03178500387i[P2I  ] PCI IRQ routing: PIRQC# set to 0x0b
03178500408i[P2I  ] PCI IRQ routing: PIRQD# set to 0x09
03178500418i[P2I  ] write: ELCR2 = 0x0a
03178501303i[BIOS ] PIIX3/PIIX4 init: elcr=00 0a
03178509260i[BIOS ] PCI: bus=0 devfn=0x00: vendor_id=0x8086 device_id=0x1237 class=0x0600
03178511822i[BIOS ] PCI: bus=0 devfn=0x08: vendor_id=0x8086 device_id=0x7000 class=0x0601
03178514223i[BIOS ] PCI: bus=0 devfn=0x09: vendor_id=0x8086 device_id=0x7010 class=0x0101
03178515160i[BIOS ] region 4: 0x0000c000
03178517476i[BIOS ] PCI: bus=0 devfn=0x0b: vendor_id=0x8086 device_id=0x7113 class=0x0680
03178517715i[ACPI ] new irq line = 11
03178517729i[ACPI ] new irq line = 9
03178517801i[PCI  ] setting SMRAM control register to 0x4a
03178681895i[CPU0 ] Enter to System Management Mode
03178681906i[CPU0 ] RSM: Resuming from System Management Mode
03178845926i[PCI  ] setting SMRAM control register to 0x0a
03178855097i[BIOS ] MP table addr=0x000fbab0 MPC table addr=0x000fb9e0 size=0xd0
03178857156i[BIOS ] SMBIOS table addr=0x000fbac0
03178859544i[BIOS ] ACPI tables: RSDP addr=0x000fbbe0 ACPI DATA addr=0x07ff0000 size=0x988
03178862782i[BIOS ] Firmware waking vector 0x7ff00cc
03178873895i[PCI  ] 440FX PMC write to PAM register 59 (TLB Flush)
03178874739i[BIOS ] bios_table_cur_addr: 0x000fbc04
03179000819i[VBIOS] VGABios $Id: vgabios.c,v 1.72 2011/06/27 17:58:32 vruppert Exp $
03179003826i[VBIOS] VBE Bios $Id: vbe.c,v 1.63 2011/04/14 16:10:09 vruppert Exp $
03179206811i[XGUI ] charmap update. Font Height is 16
03179353409i[BIOS ] ata0-0: PCHS=100/10/10 translation=none LCHS=100/10/10
03183233752i[BIOS ] IDE time out
03656312000i[     ] Ctrl-C detected in signal handler.
03656312002i[     ] dbg: Quit
03656312002i[CPU0 ] CPU is in real mode (halted)
03656312002i[CPU0 ] CS.mode = 16 bit
03656312002i[CPU0 ] SS.mode = 16 bit
03656312002i[CPU0 ] | EAX=00000000  EBX=00000000  ECX=0000e080  EDX=00000012
03656312002i[CPU0 ] | ESP=0000ff9e  EBP=0000ffb0  ESI=000e0000  EDI=0000ffac
03656312002i[CPU0 ] | IOPL=0 id vip vif ac vm rf nt of df IF tf SF zf AF pf CF
03656312002i[CPU0 ] | SEG selector     base    limit G D
03656312002i[CPU0 ] | SEG sltr(index|ti|rpl)     base    limit G D
03656312002i[CPU0 ] |  CS:f000( 0004| 0|  0) 000f0000 0000ffff 0 0
03656312002i[CPU0 ] |  DS:0000( 0005| 0|  0) 00000000 0000ffff 0 0
03656312002i[CPU0 ] |  SS:0000( 0005| 0|  0) 00000000 0000ffff 0 0
03656312002i[CPU0 ] |  ES:0080( 0005| 0|  0) 00000800 0000ffff 0 0
03656312002i[CPU0 ] |  FS:0000( 0005| 0|  0) 00000000 0000ffff 0 0
03656312002i[CPU0 ] |  GS:0000( 0005| 0|  0) 00000000 0000ffff 0 0
03656312002i[CPU0 ] | EIP=000008ed (000008ed)
03656312002i[CPU0 ] | CR0=0x60000010 CR2=0x00000000
03656312002i[CPU0 ] | CR3=0x00000000 CR4=0x00000000
03656312002i[CMOS ] Last time is 1321546921 (Thu Nov 17 18:22:01 2011)
03656312002i[XGUI ] Exit
03656312002i[CTRL ] quit_sim called with exit code 0
